<?xml version="1.0" encoding="UTF-8"?>
<testng-results ignored="2" total="17" passed="15" failed="0" skipped="0">
  <reporter-output>
  </reporter-output>
  <suite started-at="2023-02-18T12:34:05 IST" name="Suite" finished-at="2023-02-18T12:36:22 IST" duration-ms="136977">
    <groups>
      <group name="add">
        <method signature="ProductPageTestClass.verifyToAddNewProduct()[pri:2, instance:executeClass.ProductPageTestClass@62656be4]" name="verifyToAddNewProduct" class="executeClass.ProductPageTestClass"/>
      </group> <!-- add -->
      <group name="search">
        <method signature="ProductPageTestClass.verifySearchFuctionalityByUsingProductName()[pri:3, instance:executeClass.ProductPageTestClass@62656be4]" name="verifySearchFuctionalityByUsingProductName" class="executeClass.ProductPageTestClass"/>
        <method signature="ProductPageTestClass.VerifySearchFunctionalityByProductCode()[pri:4, instance:executeClass.ProductPageTestClass@62656be4]" name="VerifySearchFunctionalityByProductCode" class="executeClass.ProductPageTestClass"/>
      </group> <!-- search -->
      <group name="functional">
        <method signature="HomePageTestClass.verifyTheLogOutButtonIsWorkingFineOrNot()[pri:3, instance:executeClass.HomePageTestClass@376a0d86]" name="verifyTheLogOutButtonIsWorkingFineOrNot" class="executeClass.HomePageTestClass"/>
      </group> <!-- functional -->
      <group name="edit">
        <method signature="ProductPageTestClass.verifyEditFunctionalityOfTheProduct()[pri:5, instance:executeClass.ProductPageTestClass@62656be4]" name="verifyEditFunctionalityOfTheProduct" class="executeClass.ProductPageTestClass"/>
      </group> <!-- edit -->
      <group name="login-2">
        <method signature="LoginPageTestClass.verifyUnSuccessfullLogin(java.lang.String,java.lang.String)[pri:4, instance:executeClass.LoginPageTestClass@2f01783a]" name="verifyUnSuccessfullLogin" class="executeClass.LoginPageTestClass"/>
      </group> <!-- login-2 -->
      <group name="login-1">
        <method signature="LoginPageTestClass.verifyTheSuccessfullLogin(java.lang.String,java.lang.String)[pri:3, instance:executeClass.LoginPageTestClass@2f01783a]" name="verifyTheSuccessfullLogin" class="executeClass.LoginPageTestClass"/>
      </group> <!-- login-1 -->
      <group name="delete">
        <method signature="ProductPageTestClass.verifyDeleteFunctionalityOfTheProduct()[pri:6, instance:executeClass.ProductPageTestClass@62656be4]" name="verifyDeleteFunctionalityOfTheProduct" class="executeClass.ProductPageTestClass"/>
      </group> <!-- delete -->
      <group name="group-1">
        <method signature="HomePageTestClass.verifyTheProductTabIsDisplyedOrNot()[pri:1, instance:executeClass.HomePageTestClass@376a0d86]" name="verifyTheProductTabIsDisplyedOrNot" class="executeClass.HomePageTestClass"/>
        <method signature="LoginPageTestClass.verifyTheLoginPageIsLoadedWhileHittingTheUrl()[pri:1, instance:executeClass.LoginPageTestClass@2f01783a]" name="verifyTheLoginPageIsLoadedWhileHittingTheUrl" class="executeClass.LoginPageTestClass"/>
        <method signature="ProductPageTestClass.verifyTheProductPageIsOpenedWhileClickingOnProducTab()[pri:1, instance:executeClass.ProductPageTestClass@62656be4]" name="verifyTheProductPageIsOpenedWhileClickingOnProducTab" class="executeClass.ProductPageTestClass"/>
        <method signature="HomePageTestClass.verifyTheD4StoreIsDisplyedOrNot()[pri:2, instance:executeClass.HomePageTestClass@376a0d86]" name="verifyTheD4StoreIsDisplyedOrNot" class="executeClass.HomePageTestClass"/>
        <method signature="LoginPageTestClass.verifyTheLogoIsDisplayedOrNot()[pri:2, instance:executeClass.LoginPageTestClass@2f01783a]" name="verifyTheLogoIsDisplayedOrNot" class="executeClass.LoginPageTestClass"/>
      </group> <!-- group-1 -->
    </groups>
    <test started-at="2023-02-18T12:34:05 IST" name="Test" finished-at="2023-02-18T12:36:22 IST" duration-ms="136977">
      <class name="executeClass.LoginPageTestClass">
        <test-method is-config="true" signature="createReport(org.testng.ITestContext)[pri:0, instance:executeClass.LoginPageTestClass@2f01783a]" started-at="2023-02-18T12:34:05 IST" name="createReport" finished-at="2023-02-18T12:34:05 IST" duration-ms="22" status="PASS">
          <params>
            <param index="0">
              <value>
                <![CDATA[org.testng.TestRunner@77f529a6]]>
              </value>
            </param>
          </params>
          <reporter-output>
          </reporter-output>
        </test-method> <!-- createReport -->
        <test-method is-config="true" signature="beforeMethod(java.lang.String)[pri:0, instance:executeClass.LoginPageTestClass@2f01783a]" started-at="2023-02-18T12:34:05 IST" name="beforeMethod" finished-at="2023-02-18T12:34:09 IST" duration-ms="3883" status="PASS">
          <params>
            <param index="0">
              <value>
                <![CDATA[edge]]>
              </value>
            </param>
          </params>
          <reporter-output>
          </reporter-output>
        </test-method> <!-- beforeMethod -->
        <test-method signature="verifyTheLoginPageIsLoadedWhileHittingTheUrl()[pri:1, instance:executeClass.LoginPageTestClass@2f01783a]" started-at="2023-02-18T12:34:09 IST" name="verifyTheLoginPageIsLoadedWhileHittingTheUrl" finished-at="2023-02-18T12:34:14 IST" duration-ms="5118" status="PASS">
          <reporter-output>
          </reporter-output>
        </test-method> <!-- verifyTheLoginPageIsLoadedWhileHittingTheUrl -->
        <test-method is-config="true" signature="afterMethod(org.testng.ITestResult)[pri:0, instance:executeClass.LoginPageTestClass@2f01783a]" started-at="2023-02-18T12:34:14 IST" name="afterMethod" finished-at="2023-02-18T12:34:15 IST" duration-ms="303" status="PASS">
          <params>
            <param index="0">
              <value>
                <![CDATA[[TestResult name=verifyTheLoginPageIsLoadedWhileHittingTheUrl status=SUCCESS method=LoginPageTestClass.verifyTheLoginPageIsLoadedWhileHittingTheUrl()[pri:1, instance:executeClass.LoginPageTestClass@2f01783a] output={null}]]]>
              </value>
            </param>
          </params>
          <reporter-output>
          </reporter-output>
        </test-method> <!-- afterMethod -->
        <test-method is-config="true" signature="beforeMethod(java.lang.String)[pri:0, instance:executeClass.LoginPageTestClass@2f01783a]" started-at="2023-02-18T12:34:15 IST" name="beforeMethod" finished-at="2023-02-18T12:34:18 IST" duration-ms="3121" status="PASS">
          <params>
            <param index="0">
              <value>
                <![CDATA[edge]]>
              </value>
            </param>
          </params>
          <reporter-output>
          </reporter-output>
        </test-method> <!-- beforeMethod -->
        <test-method signature="verifyTheLogoIsDisplayedOrNot()[pri:2, instance:executeClass.LoginPageTestClass@2f01783a]" started-at="2023-02-18T12:34:18 IST" name="verifyTheLogoIsDisplayedOrNot" finished-at="2023-02-18T12:34:18 IST" duration-ms="40" status="PASS">
          <reporter-output>
          </reporter-output>
        </test-method> <!-- verifyTheLogoIsDisplayedOrNot -->
        <test-method is-config="true" signature="afterMethod(org.testng.ITestResult)[pri:0, instance:executeClass.LoginPageTestClass@2f01783a]" started-at="2023-02-18T12:34:18 IST" name="afterMethod" finished-at="2023-02-18T12:34:18 IST" duration-ms="187" status="PASS">
          <params>
            <param index="0">
              <value>
                <![CDATA[[TestResult name=verifyTheLogoIsDisplayedOrNot status=SUCCESS method=LoginPageTestClass.verifyTheLogoIsDisplayedOrNot()[pri:2, instance:executeClass.LoginPageTestClass@2f01783a] output={null}]]]>
              </value>
            </param>
          </params>
          <reporter-output>
          </reporter-output>
        </test-method> <!-- afterMethod -->
        <test-method is-config="true" signature="beforeMethod(java.lang.String)[pri:0, instance:executeClass.LoginPageTestClass@2f01783a]" started-at="2023-02-18T12:34:18 IST" name="beforeMethod" finished-at="2023-02-18T12:34:21 IST" duration-ms="3027" status="PASS">
          <params>
            <param index="0">
              <value>
                <![CDATA[edge]]>
              </value>
            </param>
          </params>
          <reporter-output>
          </reporter-output>
        </test-method> <!-- beforeMethod -->
        <test-method signature="verifyTheSuccessfullLogin(java.lang.String,java.lang.String)[pri:3, instance:executeClass.LoginPageTestClass@2f01783a]" started-at="2023-02-18T12:34:21 IST" name="verifyTheSuccessfullLogin" data-provider="successfullLogin" finished-at="2023-02-18T12:34:24 IST" duration-ms="2565" status="PASS">
          <params>
            <param index="0">
              <value>
                <![CDATA[admin]]>
              </value>
            </param>
            <param index="1">
              <value>
                <![CDATA[password]]>
              </value>
            </param>
          </params>
          <reporter-output>
          </reporter-output>
        </test-method> <!-- verifyTheSuccessfullLogin -->
        <test-method is-config="true" signature="afterMethod(org.testng.ITestResult)[pri:0, instance:executeClass.LoginPageTestClass@2f01783a]" started-at="2023-02-18T12:34:24 IST" name="afterMethod" finished-at="2023-02-18T12:34:24 IST" duration-ms="214" status="PASS">
          <params>
            <param index="0">
              <value>
                <![CDATA[[TestResult name=verifyTheSuccessfullLogin status=SUCCESS method=LoginPageTestClass.verifyTheSuccessfullLogin(java.lang.String,java.lang.String)[pri:3, instance:executeClass.LoginPageTestClass@2f01783a] output={null}]]]>
              </value>
            </param>
          </params>
          <reporter-output>
          </reporter-output>
        </test-method> <!-- afterMethod -->
        <test-method is-config="true" signature="beforeMethod(java.lang.String)[pri:0, instance:executeClass.LoginPageTestClass@2f01783a]" started-at="2023-02-18T12:34:24 IST" name="beforeMethod" finished-at="2023-02-18T12:34:27 IST" duration-ms="2953" status="PASS">
          <params>
            <param index="0">
              <value>
                <![CDATA[edge]]>
              </value>
            </param>
          </params>
          <reporter-output>
          </reporter-output>
        </test-method> <!-- beforeMethod -->
        <test-method signature="verifyUnSuccessfullLogin(java.lang.String,java.lang.String)[pri:4, instance:executeClass.LoginPageTestClass@2f01783a]" started-at="2023-02-18T12:34:27 IST" name="verifyUnSuccessfullLogin" data-provider="unsuccessfullLogin" finished-at="2023-02-18T12:34:32 IST" duration-ms="5541" status="PASS">
          <params>
            <param index="0">
              <value>
                <![CDATA[admin]]>
              </value>
            </param>
            <param index="1">
              <value>
                <![CDATA[restauarant]]>
              </value>
            </param>
          </params>
          <reporter-output>
          </reporter-output>
        </test-method> <!-- verifyUnSuccessfullLogin -->
        <test-method is-config="true" signature="afterMethod(org.testng.ITestResult)[pri:0, instance:executeClass.LoginPageTestClass@2f01783a]" started-at="2023-02-18T12:34:32 IST" name="afterMethod" finished-at="2023-02-18T12:34:33 IST" duration-ms="299" status="PASS">
          <params>
            <param index="0">
              <value>
                <![CDATA[[TestResult name=verifyUnSuccessfullLogin status=SUCCESS method=LoginPageTestClass.verifyUnSuccessfullLogin(java.lang.String,java.lang.String)[pri:4, instance:executeClass.LoginPageTestClass@2f01783a] output={null}]]]>
              </value>
            </param>
          </params>
          <reporter-output>
          </reporter-output>
        </test-method> <!-- afterMethod -->
        <test-method is-config="true" signature="beforeMethod(java.lang.String)[pri:0, instance:executeClass.LoginPageTestClass@2f01783a]" started-at="2023-02-18T12:34:33 IST" name="beforeMethod" finished-at="2023-02-18T12:34:36 IST" duration-ms="2937" status="PASS">
          <params>
            <param index="0">
              <value>
                <![CDATA[edge]]>
              </value>
            </param>
          </params>
          <reporter-output>
          </reporter-output>
        </test-method> <!-- beforeMethod -->
        <test-method signature="verifyUnSuccessfullLogin(java.lang.String,java.lang.String)[pri:4, instance:executeClass.LoginPageTestClass@2f01783a]" started-at="2023-02-18T12:34:36 IST" name="verifyUnSuccessfullLogin" data-provider="unsuccessfullLogin" finished-at="2023-02-18T12:34:41 IST" duration-ms="5550" status="PASS">
          <params>
            <param index="0">
              <value>
                <![CDATA[name]]>
              </value>
            </param>
            <param index="1">
              <value>
                <![CDATA[pwd123]]>
              </value>
            </param>
          </params>
          <reporter-output>
          </reporter-output>
        </test-method> <!-- verifyUnSuccessfullLogin -->
        <test-method is-config="true" signature="afterMethod(org.testng.ITestResult)[pri:0, instance:executeClass.LoginPageTestClass@2f01783a]" started-at="2023-02-18T12:34:41 IST" name="afterMethod" finished-at="2023-02-18T12:34:41 IST" duration-ms="306" status="PASS">
          <params>
            <param index="0">
              <value>
                <![CDATA[[TestResult name=verifyUnSuccessfullLogin status=SUCCESS method=LoginPageTestClass.verifyUnSuccessfullLogin(java.lang.String,java.lang.String)[pri:4, instance:executeClass.LoginPageTestClass@2f01783a] output={null}]]]>
              </value>
            </param>
          </params>
          <reporter-output>
          </reporter-output>
        </test-method> <!-- afterMethod -->
        <test-method is-config="true" signature="beforeMethod(java.lang.String)[pri:0, instance:executeClass.LoginPageTestClass@2f01783a]" started-at="2023-02-18T12:34:41 IST" name="beforeMethod" finished-at="2023-02-18T12:34:44 IST" duration-ms="3073" status="PASS">
          <params>
            <param index="0">
              <value>
                <![CDATA[edge]]>
              </value>
            </param>
          </params>
          <reporter-output>
          </reporter-output>
        </test-method> <!-- beforeMethod -->
        <test-method signature="verifyUnSuccessfullLogin(java.lang.String,java.lang.String)[pri:4, instance:executeClass.LoginPageTestClass@2f01783a]" started-at="2023-02-18T12:34:44 IST" name="verifyUnSuccessfullLogin" data-provider="unsuccessfullLogin" finished-at="2023-02-18T12:34:50 IST" duration-ms="5535" status="PASS">
          <params>
            <param index="0">
              <value>
                <![CDATA[nameadmin]]>
              </value>
            </param>
            <param index="1">
              <value>
                <![CDATA[password]]>
              </value>
            </param>
          </params>
          <reporter-output>
          </reporter-output>
        </test-method> <!-- verifyUnSuccessfullLogin -->
        <test-method is-config="true" signature="afterMethod(org.testng.ITestResult)[pri:0, instance:executeClass.LoginPageTestClass@2f01783a]" started-at="2023-02-18T12:34:50 IST" name="afterMethod" finished-at="2023-02-18T12:34:50 IST" duration-ms="291" status="PASS">
          <params>
            <param index="0">
              <value>
                <![CDATA[[TestResult name=verifyUnSuccessfullLogin status=SUCCESS method=LoginPageTestClass.verifyUnSuccessfullLogin(java.lang.String,java.lang.String)[pri:4, instance:executeClass.LoginPageTestClass@2f01783a] output={null}]]]>
              </value>
            </param>
          </params>
          <reporter-output>
          </reporter-output>
        </test-method> <!-- afterMethod -->
      </class> <!-- executeClass.LoginPageTestClass -->
      <class name="executeClass.HomePageTestClass">
        <test-method is-config="true" signature="beforeMethod(java.lang.String)[pri:0, instance:executeClass.HomePageTestClass@376a0d86]" started-at="2023-02-18T12:34:50 IST" name="beforeMethod" finished-at="2023-02-18T12:34:53 IST" duration-ms="2872" status="PASS">
          <params>
            <param index="0">
              <value>
                <![CDATA[edge]]>
              </value>
            </param>
          </params>
          <reporter-output>
          </reporter-output>
        </test-method> <!-- beforeMethod -->
        <test-method signature="verifyTheProductTabIsDisplyedOrNot()[pri:1, instance:executeClass.HomePageTestClass@376a0d86]" started-at="2023-02-18T12:34:53 IST" name="verifyTheProductTabIsDisplyedOrNot" finished-at="2023-02-18T12:34:56 IST" duration-ms="3051" status="PASS">
          <reporter-output>
          </reporter-output>
        </test-method> <!-- verifyTheProductTabIsDisplyedOrNot -->
        <test-method is-config="true" signature="afterMethod(org.testng.ITestResult)[pri:0, instance:executeClass.HomePageTestClass@376a0d86]" started-at="2023-02-18T12:34:56 IST" name="afterMethod" finished-at="2023-02-18T12:34:56 IST" duration-ms="304" status="PASS">
          <params>
            <param index="0">
              <value>
                <![CDATA[[TestResult name=verifyTheProductTabIsDisplyedOrNot status=SUCCESS method=HomePageTestClass.verifyTheProductTabIsDisplyedOrNot()[pri:1, instance:executeClass.HomePageTestClass@376a0d86] output={null}]]]>
              </value>
            </param>
          </params>
          <reporter-output>
          </reporter-output>
        </test-method> <!-- afterMethod -->
        <test-method is-config="true" signature="beforeMethod(java.lang.String)[pri:0, instance:executeClass.HomePageTestClass@376a0d86]" started-at="2023-02-18T12:34:57 IST" name="beforeMethod" finished-at="2023-02-18T12:34:59 IST" duration-ms="2885" status="PASS">
          <params>
            <param index="0">
              <value>
                <![CDATA[edge]]>
              </value>
            </param>
          </params>
          <reporter-output>
          </reporter-output>
        </test-method> <!-- beforeMethod -->
        <test-method signature="verifyTheD4StoreIsDisplyedOrNot()[pri:2, instance:executeClass.HomePageTestClass@376a0d86]" started-at="2023-02-18T12:34:59 IST" name="verifyTheD4StoreIsDisplyedOrNot" finished-at="2023-02-18T12:35:02 IST" duration-ms="2547" status="PASS">
          <reporter-output>
          </reporter-output>
        </test-method> <!-- verifyTheD4StoreIsDisplyedOrNot -->
        <test-method is-config="true" signature="afterMethod(org.testng.ITestResult)[pri:0, instance:executeClass.HomePageTestClass@376a0d86]" started-at="2023-02-18T12:35:02 IST" name="afterMethod" finished-at="2023-02-18T12:35:02 IST" duration-ms="239" status="PASS">
          <params>
            <param index="0">
              <value>
                <![CDATA[[TestResult name=verifyTheD4StoreIsDisplyedOrNot status=SUCCESS method=HomePageTestClass.verifyTheD4StoreIsDisplyedOrNot()[pri:2, instance:executeClass.HomePageTestClass@376a0d86] output={null}]]]>
              </value>
            </param>
          </params>
          <reporter-output>
          </reporter-output>
        </test-method> <!-- afterMethod -->
        <test-method is-config="true" signature="beforeMethod(java.lang.String)[pri:0, instance:executeClass.HomePageTestClass@376a0d86]" started-at="2023-02-18T12:35:02 IST" name="beforeMethod" finished-at="2023-02-18T12:35:05 IST" duration-ms="2916" status="PASS">
          <params>
            <param index="0">
              <value>
                <![CDATA[edge]]>
              </value>
            </param>
          </params>
          <reporter-output>
          </reporter-output>
        </test-method> <!-- beforeMethod -->
        <test-method signature="verifyTheLogOutButtonIsWorkingFineOrNot()[pri:3, instance:executeClass.HomePageTestClass@376a0d86]" started-at="2023-02-18T12:35:05 IST" name="verifyTheLogOutButtonIsWorkingFineOrNot" finished-at="2023-02-18T12:35:09 IST" duration-ms="3793" status="PASS">
          <reporter-output>
          </reporter-output>
        </test-method> <!-- verifyTheLogOutButtonIsWorkingFineOrNot -->
        <test-method is-config="true" signature="afterMethod(org.testng.ITestResult)[pri:0, instance:executeClass.HomePageTestClass@376a0d86]" started-at="2023-02-18T12:35:09 IST" name="afterMethod" finished-at="2023-02-18T12:35:15 IST" duration-ms="6484" status="PASS">
          <params>
            <param index="0">
              <value>
                <![CDATA[[TestResult name=verifyTheLogOutButtonIsWorkingFineOrNot status=SUCCESS method=HomePageTestClass.verifyTheLogOutButtonIsWorkingFineOrNot()[pri:3, instance:executeClass.HomePageTestClass@376a0d86] output={null}]]]>
              </value>
            </param>
          </params>
          <reporter-output>
          </reporter-output>
        </test-method> <!-- afterMethod -->
      </class> <!-- executeClass.HomePageTestClass -->
      <class name="executeClass.ProductPageTestClass">
        <test-method is-config="true" signature="beforeMethod(java.lang.String)[pri:0, instance:executeClass.ProductPageTestClass@62656be4]" started-at="2023-02-18T12:35:15 IST" name="beforeMethod" finished-at="2023-02-18T12:35:18 IST" duration-ms="2990" status="PASS">
          <params>
            <param index="0">
              <value>
                <![CDATA[edge]]>
              </value>
            </param>
          </params>
          <reporter-output>
          </reporter-output>
        </test-method> <!-- beforeMethod -->
        <test-method signature="verifyTheProductPageIsOpenedWhileClickingOnProducTab()[pri:1, instance:executeClass.ProductPageTestClass@62656be4]" started-at="2023-02-18T12:35:18 IST" name="verifyTheProductPageIsOpenedWhileClickingOnProducTab" finished-at="2023-02-18T12:35:23 IST" duration-ms="4651" status="PASS">
          <reporter-output>
          </reporter-output>
        </test-method> <!-- verifyTheProductPageIsOpenedWhileClickingOnProducTab -->
        <test-method is-config="true" signature="afterMethod(org.testng.ITestResult)[pri:0, instance:executeClass.ProductPageTestClass@62656be4]" started-at="2023-02-18T12:35:23 IST" name="afterMethod" finished-at="2023-02-18T12:35:23 IST" duration-ms="225" status="PASS">
          <params>
            <param index="0">
              <value>
                <![CDATA[[TestResult name=verifyTheProductPageIsOpenedWhileClickingOnProducTab status=SUCCESS method=ProductPageTestClass.verifyTheProductPageIsOpenedWhileClickingOnProducTab()[pri:1, instance:executeClass.ProductPageTestClass@62656be4] output={null}]]]>
              </value>
            </param>
          </params>
          <reporter-output>
          </reporter-output>
        </test-method> <!-- afterMethod -->
        <test-method is-config="true" signature="beforeMethod(java.lang.String)[pri:0, instance:executeClass.ProductPageTestClass@62656be4]" started-at="2023-02-18T12:35:23 IST" name="beforeMethod" finished-at="2023-02-18T12:35:26 IST" duration-ms="3056" status="PASS">
          <params>
            <param index="0">
              <value>
                <![CDATA[edge]]>
              </value>
            </param>
          </params>
          <reporter-output>
          </reporter-output>
        </test-method> <!-- beforeMethod -->
        <test-method signature="verifyToAddNewProduct()[pri:2, instance:executeClass.ProductPageTestClass@62656be4]" started-at="2023-02-18T12:35:26 IST" name="verifyToAddNewProduct" finished-at="2023-02-18T12:35:37 IST" duration-ms="10326" status="PASS">
          <reporter-output>
          </reporter-output>
        </test-method> <!-- verifyToAddNewProduct -->
        <test-method is-config="true" signature="afterMethod(org.testng.ITestResult)[pri:0, instance:executeClass.ProductPageTestClass@62656be4]" started-at="2023-02-18T12:35:37 IST" name="afterMethod" finished-at="2023-02-18T12:35:37 IST" duration-ms="250" status="PASS">
          <params>
            <param index="0">
              <value>
                <![CDATA[[TestResult name=verifyToAddNewProduct status=SUCCESS method=ProductPageTestClass.verifyToAddNewProduct()[pri:2, instance:executeClass.ProductPageTestClass@62656be4] output={null}]]]>
              </value>
            </param>
          </params>
          <reporter-output>
          </reporter-output>
        </test-method> <!-- afterMethod -->
        <test-method is-config="true" signature="beforeMethod(java.lang.String)[pri:0, instance:executeClass.ProductPageTestClass@62656be4]" started-at="2023-02-18T12:35:37 IST" name="beforeMethod" finished-at="2023-02-18T12:35:40 IST" duration-ms="3060" status="PASS">
          <params>
            <param index="0">
              <value>
                <![CDATA[edge]]>
              </value>
            </param>
          </params>
          <reporter-output>
          </reporter-output>
        </test-method> <!-- beforeMethod -->
        <test-method signature="verifySearchFuctionalityByUsingProductName()[pri:3, instance:executeClass.ProductPageTestClass@62656be4]" started-at="2023-02-18T12:35:40 IST" name="verifySearchFuctionalityByUsingProductName" finished-at="2023-02-18T12:35:44 IST" duration-ms="4412" status="PASS">
          <reporter-output>
          </reporter-output>
        </test-method> <!-- verifySearchFuctionalityByUsingProductName -->
        <test-method is-config="true" signature="afterMethod(org.testng.ITestResult)[pri:0, instance:executeClass.ProductPageTestClass@62656be4]" started-at="2023-02-18T12:35:44 IST" name="afterMethod" finished-at="2023-02-18T12:35:45 IST" duration-ms="233" status="PASS">
          <params>
            <param index="0">
              <value>
                <![CDATA[[TestResult name=verifySearchFuctionalityByUsingProductName status=SUCCESS method=ProductPageTestClass.verifySearchFuctionalityByUsingProductName()[pri:3, instance:executeClass.ProductPageTestClass@62656be4] output={null}]]]>
              </value>
            </param>
          </params>
          <reporter-output>
          </reporter-output>
        </test-method> <!-- afterMethod -->
        <test-method is-config="true" signature="beforeMethod(java.lang.String)[pri:0, instance:executeClass.ProductPageTestClass@62656be4]" started-at="2023-02-18T12:35:45 IST" name="beforeMethod" finished-at="2023-02-18T12:35:49 IST" duration-ms="4487" status="PASS">
          <params>
            <param index="0">
              <value>
                <![CDATA[edge]]>
              </value>
            </param>
          </params>
          <reporter-output>
          </reporter-output>
        </test-method> <!-- beforeMethod -->
        <test-method signature="VerifySearchFunctionalityByProductCode()[pri:4, instance:executeClass.ProductPageTestClass@62656be4]" started-at="2023-02-18T12:35:49 IST" name="VerifySearchFunctionalityByProductCode" finished-at="2023-02-18T12:35:54 IST" duration-ms="5329" status="PASS">
          <reporter-output>
          </reporter-output>
        </test-method> <!-- VerifySearchFunctionalityByProductCode -->
        <test-method is-config="true" signature="afterMethod(org.testng.ITestResult)[pri:0, instance:executeClass.ProductPageTestClass@62656be4]" started-at="2023-02-18T12:35:54 IST" name="afterMethod" finished-at="2023-02-18T12:35:55 IST" duration-ms="284" status="PASS">
          <params>
            <param index="0">
              <value>
                <![CDATA[[TestResult name=VerifySearchFunctionalityByProductCode status=SUCCESS method=ProductPageTestClass.VerifySearchFunctionalityByProductCode()[pri:4, instance:executeClass.ProductPageTestClass@62656be4] output={null}]]]>
              </value>
            </param>
          </params>
          <reporter-output>
          </reporter-output>
        </test-method> <!-- afterMethod -->
        <test-method is-config="true" signature="beforeMethod(java.lang.String)[pri:0, instance:executeClass.ProductPageTestClass@62656be4]" started-at="2023-02-18T12:35:55 IST" name="beforeMethod" finished-at="2023-02-18T12:35:58 IST" duration-ms="3259" status="PASS">
          <params>
            <param index="0">
              <value>
                <![CDATA[edge]]>
              </value>
            </param>
          </params>
          <reporter-output>
          </reporter-output>
        </test-method> <!-- beforeMethod -->
        <test-method signature="verifyEditFunctionalityOfTheProduct()[pri:5, instance:executeClass.ProductPageTestClass@62656be4]" started-at="2023-02-18T12:35:58 IST" name="verifyEditFunctionalityOfTheProduct" finished-at="2023-02-18T12:36:08 IST" duration-ms="10361" status="PASS">
          <reporter-output>
          </reporter-output>
        </test-method> <!-- verifyEditFunctionalityOfTheProduct -->
        <test-method is-config="true" signature="afterMethod(org.testng.ITestResult)[pri:0, instance:executeClass.ProductPageTestClass@62656be4]" started-at="2023-02-18T12:36:08 IST" name="afterMethod" finished-at="2023-02-18T12:36:09 IST" duration-ms="300" status="PASS">
          <params>
            <param index="0">
              <value>
                <![CDATA[[TestResult name=verifyEditFunctionalityOfTheProduct status=SUCCESS method=ProductPageTestClass.verifyEditFunctionalityOfTheProduct()[pri:5, instance:executeClass.ProductPageTestClass@62656be4] output={null}]]]>
              </value>
            </param>
          </params>
          <reporter-output>
          </reporter-output>
        </test-method> <!-- afterMethod -->
        <test-method is-config="true" signature="beforeMethod(java.lang.String)[pri:0, instance:executeClass.ProductPageTestClass@62656be4]" started-at="2023-02-18T12:36:09 IST" name="beforeMethod" finished-at="2023-02-18T12:36:13 IST" duration-ms="4654" status="PASS">
          <params>
            <param index="0">
              <value>
                <![CDATA[edge]]>
              </value>
            </param>
          </params>
          <reporter-output>
          </reporter-output>
        </test-method> <!-- beforeMethod -->
        <test-method signature="verifyDeleteFunctionalityOfTheProduct()[pri:6, instance:executeClass.ProductPageTestClass@62656be4]" started-at="2023-02-18T12:36:13 IST" name="verifyDeleteFunctionalityOfTheProduct" finished-at="2023-02-18T12:36:22 IST" duration-ms="8730" status="PASS">
          <reporter-output>
          </reporter-output>
        </test-method> <!-- verifyDeleteFunctionalityOfTheProduct -->
        <test-method is-config="true" signature="afterMethod(org.testng.ITestResult)[pri:0, instance:executeClass.ProductPageTestClass@62656be4]" started-at="2023-02-18T12:36:22 IST" name="afterMethod" finished-at="2023-02-18T12:36:22 IST" duration-ms="219" status="PASS">
          <params>
            <param index="0">
              <value>
                <![CDATA[[TestResult name=verifyDeleteFunctionalityOfTheProduct status=SUCCESS method=ProductPageTestClass.verifyDeleteFunctionalityOfTheProduct()[pri:6, instance:executeClass.ProductPageTestClass@62656be4] output={null}]]]>
              </value>
            </param>
          </params>
          <reporter-output>
          </reporter-output>
        </test-method> <!-- afterMethod -->
      </class> <!-- executeClass.ProductPageTestClass -->
    </test> <!-- Test -->
  </suite> <!-- Suite -->
</testng-results>
