<?xml version="1.0" encoding="UTF-8"?>
<testng-results ignored="0" total="6" passed="6" failed="0" skipped="0">
  <reporter-output>
  </reporter-output>
  <suite started-at="2023-02-28T23:51:20 IST" name="Default suite" finished-at="2023-02-28T23:52:40 IST" duration-ms="79293">
    <groups>
      <group name="add">
        <method signature="ProductPageTestClass.verifyToAddNewProduct()[pri:2, instance:executeClass.ProductPageTestClass@6c6cb480]" name="verifyToAddNewProduct" class="executeClass.ProductPageTestClass"/>
      </group> <!-- add -->
      <group name="search">
        <method signature="ProductPageTestClass.verifySearchFuctionalityByUsingProductName()[pri:3, instance:executeClass.ProductPageTestClass@6c6cb480]" name="verifySearchFuctionalityByUsingProductName" class="executeClass.ProductPageTestClass"/>
        <method signature="ProductPageTestClass.VerifySearchFunctionalityByProductCode()[pri:4, instance:executeClass.ProductPageTestClass@6c6cb480]" name="VerifySearchFunctionalityByProductCode" class="executeClass.ProductPageTestClass"/>
      </group> <!-- search -->
      <group name="edit">
        <method signature="ProductPageTestClass.verifyEditFunctionalityOfTheProduct()[pri:5, instance:executeClass.ProductPageTestClass@6c6cb480]" name="verifyEditFunctionalityOfTheProduct" class="executeClass.ProductPageTestClass"/>
      </group> <!-- edit -->
      <group name="delete">
        <method signature="ProductPageTestClass.verifyDeleteFunctionalityOfTheProduct()[pri:6, instance:executeClass.ProductPageTestClass@6c6cb480]" name="verifyDeleteFunctionalityOfTheProduct" class="executeClass.ProductPageTestClass"/>
      </group> <!-- delete -->
      <group name="group-1">
        <method signature="ProductPageTestClass.verifyTheProductPageIsOpenedWhileClickingOnProducTab()[pri:1, instance:executeClass.ProductPageTestClass@6c6cb480]" name="verifyTheProductPageIsOpenedWhileClickingOnProducTab" class="executeClass.ProductPageTestClass"/>
      </group> <!-- group-1 -->
    </groups>
    <test started-at="2023-02-28T23:51:20 IST" name="Default test" finished-at="2023-02-28T23:52:40 IST" duration-ms="79293">
      <class name="executeClass.ProductPageTestClass">
        <test-method is-config="true" signature="createReport(org.testng.ITestContext)[pri:0, instance:executeClass.ProductPageTestClass@6c6cb480]" started-at="2023-02-28T23:51:20 IST" name="createReport" finished-at="2023-02-28T23:51:20 IST" duration-ms="15" status="PASS">
          <params>
            <param index="0">
              <value>
                <![CDATA[org.testng.TestRunner@6d4502ca]]>
              </value>
            </param>
          </params>
          <reporter-output>
          </reporter-output>
        </test-method> <!-- createReport -->
        <test-method is-config="true" signature="beforeMethod(java.lang.String)[pri:0, instance:executeClass.ProductPageTestClass@6c6cb480]" started-at="2023-02-28T23:51:20 IST" name="beforeMethod" finished-at="2023-02-28T23:51:24 IST" duration-ms="4096" status="PASS">
          <params>
            <param index="0">
              <value>
                <![CDATA[chrome]]>
              </value>
            </param>
          </params>
          <reporter-output>
          </reporter-output>
        </test-method> <!-- beforeMethod -->
        <test-method signature="verifyTheProductPageIsOpenedWhileClickingOnProducTab()[pri:1, instance:executeClass.ProductPageTestClass@6c6cb480]" started-at="2023-02-28T23:51:24 IST" name="verifyTheProductPageIsOpenedWhileClickingOnProducTab" finished-at="2023-02-28T23:51:29 IST" duration-ms="4738" status="PASS">
          <reporter-output>
          </reporter-output>
        </test-method> <!-- verifyTheProductPageIsOpenedWhileClickingOnProducTab -->
        <test-method is-config="true" signature="afterMethod(org.testng.ITestResult)[pri:0, instance:executeClass.ProductPageTestClass@6c6cb480]" started-at="2023-02-28T23:51:29 IST" name="afterMethod" finished-at="2023-02-28T23:51:29 IST" duration-ms="189" status="PASS">
          <params>
            <param index="0">
              <value>
                <![CDATA[[TestResult name=verifyTheProductPageIsOpenedWhileClickingOnProducTab status=SUCCESS method=ProductPageTestClass.verifyTheProductPageIsOpenedWhileClickingOnProducTab()[pri:1, instance:executeClass.ProductPageTestClass@6c6cb480] output={null}]]]>
              </value>
            </param>
          </params>
          <reporter-output>
          </reporter-output>
        </test-method> <!-- afterMethod -->
        <test-method is-config="true" signature="beforeMethod(java.lang.String)[pri:0, instance:executeClass.ProductPageTestClass@6c6cb480]" started-at="2023-02-28T23:51:29 IST" name="beforeMethod" finished-at="2023-02-28T23:51:33 IST" duration-ms="3178" status="PASS">
          <params>
            <param index="0">
              <value>
                <![CDATA[chrome]]>
              </value>
            </param>
          </params>
          <reporter-output>
          </reporter-output>
        </test-method> <!-- beforeMethod -->
        <test-method signature="verifyToAddNewProduct()[pri:2, instance:executeClass.ProductPageTestClass@6c6cb480]" started-at="2023-02-28T23:51:33 IST" name="verifyToAddNewProduct" finished-at="2023-02-28T23:51:44 IST" duration-ms="10986" status="PASS">
          <reporter-output>
          </reporter-output>
        </test-method> <!-- verifyToAddNewProduct -->
        <test-method is-config="true" signature="afterMethod(org.testng.ITestResult)[pri:0, instance:executeClass.ProductPageTestClass@6c6cb480]" started-at="2023-02-28T23:51:44 IST" name="afterMethod" finished-at="2023-02-28T23:51:44 IST" duration-ms="190" status="PASS">
          <params>
            <param index="0">
              <value>
                <![CDATA[[TestResult name=verifyToAddNewProduct status=SUCCESS method=ProductPageTestClass.verifyToAddNewProduct()[pri:2, instance:executeClass.ProductPageTestClass@6c6cb480] output={null}]]]>
              </value>
            </param>
          </params>
          <reporter-output>
          </reporter-output>
        </test-method> <!-- afterMethod -->
        <test-method is-config="true" signature="beforeMethod(java.lang.String)[pri:0, instance:executeClass.ProductPageTestClass@6c6cb480]" started-at="2023-02-28T23:51:44 IST" name="beforeMethod" finished-at="2023-02-28T23:51:47 IST" duration-ms="3230" status="PASS">
          <params>
            <param index="0">
              <value>
                <![CDATA[chrome]]>
              </value>
            </param>
          </params>
          <reporter-output>
          </reporter-output>
        </test-method> <!-- beforeMethod -->
        <test-method signature="verifySearchFuctionalityByUsingProductName()[pri:3, instance:executeClass.ProductPageTestClass@6c6cb480]" started-at="2023-02-28T23:51:47 IST" name="verifySearchFuctionalityByUsingProductName" finished-at="2023-02-28T23:51:56 IST" duration-ms="8609" status="PASS">
          <reporter-output>
          </reporter-output>
        </test-method> <!-- verifySearchFuctionalityByUsingProductName -->
        <test-method is-config="true" signature="afterMethod(org.testng.ITestResult)[pri:0, instance:executeClass.ProductPageTestClass@6c6cb480]" started-at="2023-02-28T23:51:56 IST" name="afterMethod" finished-at="2023-02-28T23:51:56 IST" duration-ms="306" status="PASS">
          <params>
            <param index="0">
              <value>
                <![CDATA[[TestResult name=verifySearchFuctionalityByUsingProductName status=SUCCESS method=ProductPageTestClass.verifySearchFuctionalityByUsingProductName()[pri:3, instance:executeClass.ProductPageTestClass@6c6cb480] output={null}]]]>
              </value>
            </param>
          </params>
          <reporter-output>
          </reporter-output>
        </test-method> <!-- afterMethod -->
        <test-method is-config="true" signature="beforeMethod(java.lang.String)[pri:0, instance:executeClass.ProductPageTestClass@6c6cb480]" started-at="2023-02-28T23:51:56 IST" name="beforeMethod" finished-at="2023-02-28T23:51:59 IST" duration-ms="3140" status="PASS">
          <params>
            <param index="0">
              <value>
                <![CDATA[chrome]]>
              </value>
            </param>
          </params>
          <reporter-output>
          </reporter-output>
        </test-method> <!-- beforeMethod -->
        <test-method signature="VerifySearchFunctionalityByProductCode()[pri:4, instance:executeClass.ProductPageTestClass@6c6cb480]" started-at="2023-02-28T23:51:59 IST" name="VerifySearchFunctionalityByProductCode" finished-at="2023-02-28T23:52:08 IST" duration-ms="8499" status="PASS">
          <reporter-output>
          </reporter-output>
        </test-method> <!-- VerifySearchFunctionalityByProductCode -->
        <test-method is-config="true" signature="afterMethod(org.testng.ITestResult)[pri:0, instance:executeClass.ProductPageTestClass@6c6cb480]" started-at="2023-02-28T23:52:08 IST" name="afterMethod" finished-at="2023-02-28T23:52:08 IST" duration-ms="205" status="PASS">
          <params>
            <param index="0">
              <value>
                <![CDATA[[TestResult name=VerifySearchFunctionalityByProductCode status=SUCCESS method=ProductPageTestClass.VerifySearchFunctionalityByProductCode()[pri:4, instance:executeClass.ProductPageTestClass@6c6cb480] output={null}]]]>
              </value>
            </param>
          </params>
          <reporter-output>
          </reporter-output>
        </test-method> <!-- afterMethod -->
        <test-method is-config="true" signature="beforeMethod(java.lang.String)[pri:0, instance:executeClass.ProductPageTestClass@6c6cb480]" started-at="2023-02-28T23:52:08 IST" name="beforeMethod" finished-at="2023-02-28T23:52:11 IST" duration-ms="2952" status="PASS">
          <params>
            <param index="0">
              <value>
                <![CDATA[chrome]]>
              </value>
            </param>
          </params>
          <reporter-output>
          </reporter-output>
        </test-method> <!-- beforeMethod -->
        <test-method signature="verifyEditFunctionalityOfTheProduct()[pri:5, instance:executeClass.ProductPageTestClass@6c6cb480]" started-at="2023-02-28T23:52:11 IST" name="verifyEditFunctionalityOfTheProduct" finished-at="2023-02-28T23:52:24 IST" duration-ms="13635" status="PASS">
          <reporter-output>
          </reporter-output>
        </test-method> <!-- verifyEditFunctionalityOfTheProduct -->
        <test-method is-config="true" signature="afterMethod(org.testng.ITestResult)[pri:0, instance:executeClass.ProductPageTestClass@6c6cb480]" started-at="2023-02-28T23:52:24 IST" name="afterMethod" finished-at="2023-02-28T23:52:24 IST" duration-ms="189" status="PASS">
          <params>
            <param index="0">
              <value>
                <![CDATA[[TestResult name=verifyEditFunctionalityOfTheProduct status=SUCCESS method=ProductPageTestClass.verifyEditFunctionalityOfTheProduct()[pri:5, instance:executeClass.ProductPageTestClass@6c6cb480] output={null}]]]>
              </value>
            </param>
          </params>
          <reporter-output>
          </reporter-output>
        </test-method> <!-- afterMethod -->
        <test-method is-config="true" signature="beforeMethod(java.lang.String)[pri:0, instance:executeClass.ProductPageTestClass@6c6cb480]" started-at="2023-02-28T23:52:24 IST" name="beforeMethod" finished-at="2023-02-28T23:52:27 IST" duration-ms="2944" status="PASS">
          <params>
            <param index="0">
              <value>
                <![CDATA[chrome]]>
              </value>
            </param>
          </params>
          <reporter-output>
          </reporter-output>
        </test-method> <!-- beforeMethod -->
        <test-method signature="verifyDeleteFunctionalityOfTheProduct()[pri:6, instance:executeClass.ProductPageTestClass@6c6cb480]" started-at="2023-02-28T23:52:27 IST" name="verifyDeleteFunctionalityOfTheProduct" finished-at="2023-02-28T23:52:39 IST" duration-ms="11951" status="PASS">
          <reporter-output>
          </reporter-output>
        </test-method> <!-- verifyDeleteFunctionalityOfTheProduct -->
        <test-method is-config="true" signature="afterMethod(org.testng.ITestResult)[pri:0, instance:executeClass.ProductPageTestClass@6c6cb480]" started-at="2023-02-28T23:52:39 IST" name="afterMethod" finished-at="2023-02-28T23:52:40 IST" duration-ms="201" status="PASS">
          <params>
            <param index="0">
              <value>
                <![CDATA[[TestResult name=verifyDeleteFunctionalityOfTheProduct status=SUCCESS method=ProductPageTestClass.verifyDeleteFunctionalityOfTheProduct()[pri:6, instance:executeClass.ProductPageTestClass@6c6cb480] output={null}]]]>
              </value>
            </param>
          </params>
          <reporter-output>
          </reporter-output>
        </test-method> <!-- afterMethod -->
      </class> <!-- executeClass.ProductPageTestClass -->
    </test> <!-- Default test -->
  </suite> <!-- Default suite -->
</testng-results>
