<?xml version="1.0" encoding="UTF-8"?>
<!-- Generated by org.testng.reporters.JUnitXMLReporter -->
<testsuite ignored="0" hostname="LAPTOP-CC3I0DJF" failures="0" tests="6" name="Default test" time="79.293" errors="0" timestamp="2023-02-28T23:52:40 IST">
  <testcase classname="executeClass.ProductPageTestClass" name="verifyTheProductPageIsOpenedWhileClickingOnProducTab" time="4.738"/>
  <testcase classname="executeClass.ProductPageTestClass" name="verifyToAddNewProduct" time="10.986"/>
  <testcase classname="executeClass.ProductPageTestClass" name="verifySearchFuctionalityByUsingProductName" time="8.609"/>
  <testcase classname="executeClass.ProductPageTestClass" name="VerifySearchFunctionalityByProductCode" time="8.499"/>
  <testcase classname="executeClass.ProductPageTestClass" name="verifyEditFunctionalityOfTheProduct" time="13.635"/>
  <testcase classname="executeClass.ProductPageTestClass" name="verifyDeleteFunctionalityOfTheProduct" time="11.951"/>
</testsuite> <!-- Default test -->
