<?xml version="1.0" encoding="UTF-8"?>
<!-- Generated by org.testng.reporters.JUnitXMLReporter -->
<testsuite ignored="0" hostname="LAPTOP-CC3I0DJF" failures="0" tests="5" name="Default test" time="52.44" errors="0" timestamp="2023-02-16T00:25:14 IST">
  <testcase classname="executeClass.CustomersPageTestClass" name="verifyTheCustomersPageIsVisibleByClickingOnCustomersUnderPeopleTab" time="7.454"/>
  <testcase classname="executeClass.CustomersPageTestClass" name="verifyAddCustomerButtonIsVisibleOrNot" time="4.382"/>
  <testcase classname="executeClass.CustomersPageTestClass" name="verifyAddNewCustomer" time="8.925"/>
  <testcase classname="executeClass.CustomersPageTestClass" name="verifyToSearchCustomerByUsingName" time="5.122"/>
  <testcase classname="executeClass.CustomersPageTestClass" name="verifyToSearchCustomerByUsingMobileNumber" time="4.676"/>
</testsuite> <!-- Default test -->
