<?xml version="1.0" encoding="UTF-8"?>
<!-- Generated by org.testng.reporters.JUnitXMLReporter -->
<testsuite ignored="3" hostname="LAPTOP-CC3I0DJF" failures="3" tests="3" name="ParallellTest" time="19.968" errors="0" timestamp="2023-02-18T11:42:21 IST">
  <testcase classname="executeClass.LoginPageTestClass" name="verifyUnSuccessfullLogin" time="0.669">
    <failure type="java.lang.AssertionError" message="expected [true] but found [false]">
      <![CDATA[java.lang.AssertionError: expected [true] but found [false]
at executeClass.LoginPageTestClass.verifyUnSuccessfullLogin(LoginPageTestClass.java:58)
at java.base/java.util.ArrayList.forEach(ArrayList.java:1511)
... Removed 31 stack frames]]>
    </failure>
  </testcase> <!-- verifyUnSuccessfullLogin -->
  <testcase classname="executeClass.LoginPageTestClass" name="verifyUnSuccessfullLogin" time="0.573">
    <failure type="java.lang.AssertionError" message="expected [true] but found [false]">
      <![CDATA[java.lang.AssertionError: expected [true] but found [false]
at executeClass.LoginPageTestClass.verifyUnSuccessfullLogin(LoginPageTestClass.java:58)
at java.base/java.util.ArrayList.forEach(ArrayList.java:1511)
... Removed 31 stack frames]]>
    </failure>
  </testcase> <!-- verifyUnSuccessfullLogin -->
  <testcase classname="executeClass.LoginPageTestClass" name="verifyUnSuccessfullLogin" time="0.592">
    <failure type="java.lang.AssertionError" message="expected [true] but found [false]">
      <![CDATA[java.lang.AssertionError: expected [true] but found [false]
at executeClass.LoginPageTestClass.verifyUnSuccessfullLogin(LoginPageTestClass.java:58)
at java.base/java.util.ArrayList.forEach(ArrayList.java:1511)
... Removed 31 stack frames]]>
    </failure>
  </testcase> <!-- verifyUnSuccessfullLogin -->
  <testcase classname="executeClass.LoginPageTestClass" name="verifyTheLoginPageIsLoadedWhileHittingTheUrl" time="0.0">
    <ignored/>
  </testcase> <!-- verifyTheLoginPageIsLoadedWhileHittingTheUrl -->
  <testcase classname="executeClass.LoginPageTestClass" name="verifyTheSuccessfullLogin" time="0.0">
    <ignored/>
  </testcase> <!-- verifyTheSuccessfullLogin -->
  <testcase classname="executeClass.LoginPageTestClass" name="verifyTheLogoIsDisplayedOrNot" time="0.0">
    <ignored/>
  </testcase> <!-- verifyTheLogoIsDisplayedOrNot -->
</testsuite> <!-- ParallellTest -->
