<?xml version="1.0" encoding="UTF-8"?>
<!-- Generated by org.testng.reporters.JUnitXMLReporter -->
<testsuite ignored="2" hostname="LAPTOP-CC3I0DJF" failures="0" tests="15" name="Test" time="136.977" errors="0" timestamp="2023-02-18T12:36:23 IST">
  <testcase classname="executeClass.LoginPageTestClass" name="verifyTheLoginPageIsLoadedWhileHittingTheUrl" time="5.118"/>
  <testcase classname="executeClass.LoginPageTestClass" name="verifyTheLogoIsDisplayedOrNot" time="0.04"/>
  <testcase classname="executeClass.LoginPageTestClass" name="verifyTheSuccessfullLogin" time="2.565"/>
  <testcase classname="executeClass.LoginPageTestClass" name="verifyUnSuccessfullLogin" time="5.541"/>
  <testcase classname="executeClass.LoginPageTestClass" name="verifyUnSuccessfullLogin" time="5.55"/>
  <testcase classname="executeClass.LoginPageTestClass" name="verifyUnSuccessfullLogin" time="5.535"/>
  <testcase classname="executeClass.HomePageTestClass" name="verifyTheProductTabIsDisplyedOrNot" time="3.051"/>
  <testcase classname="executeClass.HomePageTestClass" name="verifyTheD4StoreIsDisplyedOrNot" time="2.547"/>
  <testcase classname="executeClass.HomePageTestClass" name="verifyTheLogOutButtonIsWorkingFineOrNot" time="3.793"/>
  <testcase classname="executeClass.ProductPageTestClass" name="verifyTheProductPageIsOpenedWhileClickingOnProducTab" time="4.651"/>
  <testcase classname="executeClass.ProductPageTestClass" name="verifyToAddNewProduct" time="10.326"/>
  <testcase classname="executeClass.ProductPageTestClass" name="verifySearchFuctionalityByUsingProductName" time="4.412"/>
  <testcase classname="executeClass.ProductPageTestClass" name="VerifySearchFunctionalityByProductCode" time="5.329"/>
  <testcase classname="executeClass.ProductPageTestClass" name="verifyEditFunctionalityOfTheProduct" time="10.361"/>
  <testcase classname="executeClass.ProductPageTestClass" name="verifyDeleteFunctionalityOfTheProduct" time="8.73"/>
  <testcase classname="executeClass.BaseClass" name="@BeforeSuite createReport" time="0.0">
    <ignored/>
  </testcase> <!-- @BeforeSuite createReport -->
  <testcase classname="executeClass.BaseClass" name="@BeforeSuite createReport" time="0.0">
    <ignored/>
  </testcase> <!-- @BeforeSuite createReport -->
</testsuite> <!-- Test -->
